"blank"				"=========================="
"blank"				"#DoD_Communication_Title"
"blank"				"=========================="
"+voicerecord"		"#Valve_Use_Voice_Communication"
"+commandmenu"		"#Valve_Activate_In_Game_GUI"
"messagemode"		"#Valve_Chat_Message"
"messagemode2"		"#Valve_Team_Message"
"firemarker"		"#DoD_Fire_Marker"
"nextmarker"		"#DoD_Next_Marker"
"prevmarker"		"#DoD_Prev_Marker"
"blank"				"=========================="
"blank"				"#DoD_Menu_Title"
"blank"				"=========================="
"changeclass"		"#Valve_Change_Class"
"changeteam"		"#Valve_Change_Team"
"voice_menu1"		"#DoD_Voice_menu_1"
"voice_menu2"		"#DoD_Voice_menu_2"
"voice_menu3"		"#DoD_Voice_menu_3"
"drop"				"#DoD_Drop_Weapon"
"dropammo"			"#DoD_Drop_Ammo"
"dropobject"		"#DoD_Drop_Objective_Item"
"+use"				"#DoD_Use_Pick_Up_Grenades"
"+map"				"#DoD_Open_Map"
"+mapzoom"			"#DoD_Map_Zoom"
"blank"				"=========================="
"blank"				"#DoD_Movement_Title"
"blank"				"=========================="
"+forward"			"#Valve_Move_Forward"
"+back"				"#Valve_Move_Back"
"+left"				"#Valve_Turn_Left"
"+right"			"#Valve_Turn_Right"
"+moveleft"			"#Valve_Move_Left"
"+moveright"		"#Valve_Move_Right"
"+jump"				"#Valve_Jump"
"+duck"				"#Valve_Duck"
"prone"				"#Dod_Prone"
"+speed"           	"#Dod_Sprint"
"+moveup"			"#Valve_Swim_Up"
"+movedown"			"#Valve_Swim_Down"
"+lookup"			"#Valve_Look_Up"
"+lookdown"			"#Valve_Look_Down"
"centerview"		"#Valve_Look_Straight_Ahead"
"+strafe"			"#Valve_Strafe_Modifier"
"+mlook"			"#Valve_Mouse_Look_Modifier"
"+klook"			"#Valve_Keyboard_Look_Modifier"
"blank"				"=========================="
"blank"				"#DoD_Combat_Title"
"blank"				"=========================="
"+attack"			"#Valve_Primary_Attack"
"+attack2"			"#Valve_Secondary_Attack"
"+reload"			"#Valve_Reload_Weapon"
"slot1"				"#Valve_Weapon_Category_1"
"slot2"				"#Valve_Weapon_Category_2"
"slot3" 			"#Valve_Weapon_Category_3"
"slot4"				"#Valve_Weapon_Category_4"
"slot5"				"#Valve_Weapon_Category_5"
"slot6"				"#Valve_Weapon_Category_6"
"slot7"				"#Valve_Weapon_Category_7"
"slot8"				"#Valve_Weapon_Category_8"
"slot9"				"#Valve_Weapon_Category_9"
"slot10"			"#Valve_Weapon_Category_0"
"invprev"			"#Valve_Previous_Weapon"
"invnext"			"#Valve_Next_Weapon"
"lastinv"			"#Valve_Last_Weapon_Used"
"blank"				"=========================="
"blank"				"#Valve_Miscellaneous_Title"
"blank"				"=========================="
"impulse 100"		"#Valve_Flashlight"
"impulse 201"		"#Valve_Spray_Logo"
"+showscores"		"#Valve_Display_Scores"
"snapshot"			"#Valve_Take_Screen_Shot"
"quit"				"#Valve_Quit_Game"