Mar 22 10:15:24.011 dodserver: START: PASS: Started LinuxGSM
Mar 22 10:15:24.117 dodserver: START: PASS: Started LinuxGSM
Mar 22 10:15:24.132 dodserver: START: INFO: LinuxGSM version: v24.1.5
Mar 22 10:15:24.134 dodserver: START: PASS: core_exit.sh exiting with code: 0
Mar 22 10:15:24.863 dodserver: CORE: PASS: Downloading command_monitor.sh...
Mar 22 10:15:27.741 dodserver: MONITOR: INFO: Checking session: CHECKING
Mar 22 10:15:27.975 dodserver: MONITOR: PASS: Checking session: OK
Mar 22 10:15:27.978 dodserver: MONITOR: INFO: gamedig is not installed
Mar 22 10:15:27.980 dodserver: MONITOR: INFO: https://docs.linuxgsm.com/requirements/gamedig
Mar 22 10:15:29.485 dodserver: MONITOR: INFO: Querying port: gsquery: 127.0.0.1:27015 : 1 : QUERYING
Mar 22 10:15:30.593 dodserver: MONITOR: INFO: Querying port: gsquery: 0.0.0.0:27015 : 1 : DELAY
Mar 22 10:15:30.595 dodserver: MONITOR: INFO: Query bypassed: dodserver started less than 1 minutes ago
Mar 22 10:15:30.600 dodserver: MONITOR: INFO: Server started: Fri 22 Mar 2024 10:15:23 AM EDT
Mar 22 10:15:30.603 dodserver: MONITOR: INFO: Current time: Fri 22 Mar 2024 10:15:30 AM EDT
Mar 22 10:15:30.609 dodserver: MONITOR: INFO: LinuxGSM version: v24.1.5
Mar 22 10:15:30.610 dodserver: MONITOR: PASS: core_exit.sh exiting with code: 0
Mar 22 10:15:31.190 dodserver: CORE: PASS: Downloading command_stop.sh...
Mar 22 10:15:33.270 dodserver: STOP: INFO: Graceful: sending "quit"
Mar 22 10:15:37.989 dodserver: STOP: PASS: Graceful: sending "quit": OK: 3 seconds
Mar 22 10:15:38.500 dodserver: STOP: INFO: tmux kill-session: dodserver: LinuxGSM
Mar 22 10:15:39.616 dodserver: STOP: PASS: Stopped LinuxGSM
Mar 22 10:15:39.628 dodserver: STOP: INFO: LinuxGSM version: v24.1.5
Mar 22 10:15:39.630 dodserver: STOP: PASS: core_exit.sh exiting with code: 0
