Mar 22 10:06:18.505 dodserver: INSTALL: INFO: Logs installed
Mar 22 10:06:18.756 dodserver: INSTALL: PASS: Downloading check_deps.sh...
Mar 22 10:06:19.262 dodserver: INSTALL: ERROR: Checking pop-22.04.csv
Mar 22 10:06:19.264 dodserver: INSTALL: ERROR: https://raw.githubusercontent.com/GameServerManagers/LinuxGSM/v24.1.5/lgsm/data/pop-22.04.csv
Mar 22 10:06:20.378 dodserver: INSTALL: FATAL: Checking pop-22.04.csv
Mar 22 10:06:20.380 dodserver: INSTALL: FATAL: https://bitbucket.org/GameServerManagers/LinuxGSM/raw/v24.1.5/lgsm/data/pop-22.04.csv
Mar 22 10:06:20.899 dodserver: INSTALL: PASS: Downloading install_steamcmd.sh...
Mar 22 10:06:21.249 dodserver: INSTALL: PASS: Downloading check_steamcmd.sh...
Mar 22 10:06:21.557 dodserver: INSTALL: PASS: Downloading core_steamcmd.sh...
Mar 22 10:06:22.193 dodserver: INSTALL: PASS: Downloading steamcmd_linux.tar.gz...
Mar 22 10:06:22.347 dodserver: INSTALL: PASS: Extracting steamcmd_linux.tar.gz
Mar 22 10:06:22.358 dodserver: INSTALL: INFO: Using anonymous Steam login
Mar 22 10:06:22.622 dodserver: INSTALL: PASS: Downloading install_server_files.sh...
Mar 22 10:06:23.091 dodserver: INSTALL: PASS: Downloading update_steamcmd.sh...
Mar 22 10:06:24.071 dodserver: INSTALL: INFO: Installing dodserver: SteamCMD
Redirecting stderr to '/home/dodserver/.local/share/Steam/logs/stderr.txt'
ILocalize::AddFile() failed to load file "public/steambootstrapper_english.txt".
[  0%] Checking for available update...
[----] Downloading update (0 of 59,594 KB)...
[  0%] Downloading update (0 of 59,594 KB)...
[  0%] Downloading update (2,490 of 59,594 KB)...
[  4%] Downloading update (5,878 of 59,594 KB)...
[  9%] Downloading update (8,456 of 59,594 KB)...
[ 14%] Downloading update (10,986 of 59,594 KB)...
[ 18%] Downloading update (13,290 of 59,594 KB)...
[ 22%] Downloading update (15,561 of 59,594 KB)...
[ 26%] Downloading update (17,991 of 59,594 KB)...
[ 30%] Downloading update (20,360 of 59,594 KB)...
[ 34%] Downloading update (22,662 of 59,594 KB)...
[ 38%] Downloading update (24,961 of 59,594 KB)...
[ 41%] Downloading update (27,250 of 59,594 KB)...
[ 45%] Downloading update (29,785 of 59,594 KB)...
[ 49%] Downloading update (32,059 of 59,594 KB)...
[ 53%] Downloading update (34,324 of 59,594 KB)...
[ 57%] Downloading update (36,617 of 59,594 KB)...
[ 61%] Downloading update (38,926 of 59,594 KB)...
[ 65%] Downloading update (41,382 of 59,594 KB)...
[ 69%] Downloading update (42,564 of 59,594 KB)...
[ 71%] Downloading update (43,732 of 59,594 KB)...
[ 73%] Downloading update (45,023 of 59,594 KB)...
[ 75%] Downloading update (46,173 of 59,594 KB)...
[ 77%] Downloading update (47,341 of 59,594 KB)...
[ 79%] Downloading update (48,633 of 59,594 KB)...
[ 81%] Downloading update (49,807 of 59,594 KB)...
[ 83%] Downloading update (50,971 of 59,594 KB)...
[ 85%] Downloading update (52,153 of 59,594 KB)...
[ 87%] Downloading update (53,442 of 59,594 KB)...
[ 89%] Downloading update (54,612 of 59,594 KB)...
[ 91%] Downloading update (55,779 of 59,594 KB)...
[ 93%] Downloading update (56,955 of 59,594 KB)...
[ 95%] Downloading update (58,214 of 59,594 KB)...
[ 97%] Downloading update (59,396 of 59,594 KB)...
[ 99%] Downloading update (59,594 of 59,594 KB)...
[100%] Download Complete.
[----] Applying update...
[----] Extracting package...
[----] Installing update...
[----] Cleaning up...
[----] Update complete, launching...
tid(409216) burning pthread_key_t == 0 so we never use it
Redirecting stderr to '/home/dodserver/.local/share/Steam/logs/stderr.txt'
Logging directory: '/home/dodserver/.local/share/Steam/logs'
/tmp/dumps: is not owned by us - delete and recreate.
/tmp/dumps: could not delete, skipping.
minidumps folder is set to /tmp/dumps01
[  0%] Checking for available updates...
[----] Verifying installation...
[  0%] Downloading update...
[  0%] Checking for available updates...
[----] Download complete.
[----] Extracting package...
[----] Installing update...
[----] Cleaning up...
[----] Update complete, launching Steamcmd...
UpdateUI: skip show logotid(409293) burning pthread_key_t == 0 so we never use it
Redirecting stderr to '/home/dodserver/.local/share/Steam/logs/stderr.txt'
Logging directory: '/home/dodserver/.local/share/Steam/logs'
/tmp/dumps: is not owned by us - delete and recreate.
/tmp/dumps: could not delete, skipping.
minidumps folder is set to /tmp/dumps01
[  0%] Checking for available updates...
[----] Verifying installation...
UpdateUI: skip show logoSteam Console Client (c) Valve Corporation - version 1709846822
-- type 'quit' to exit --
Loading Steam API...OK

Connecting anonymously to Steam Public...OK
Waiting for client config...OK
Waiting for user info...OK
 Update state (0x3) reconfiguring, progress: 0.00 (0 / 0)
 Update state (0x61) downloading, progress: 0.00 (0 / 110377440)
 Update state (0x61) downloading, progress: 32.08 (35406091 / 110377440)
 Update state (0x61) downloading, progress: 35.06 (38693300 / 110377440)
 Update state (0x61) downloading, progress: 94.38 (104169700 / 110377440)
Error! App '90' state is 0x10E after update job.
Mar 22 10:06:53.438 dodserver: INSTALL: ERROR: Installing dodserver: SteamCMD: Unknown error occured
Mar 22 10:07:27.421 dodserver: INSTALL: INFO: Logs installed
Mar 22 10:07:28.124 dodserver: INSTALL: INFO: Using anonymous Steam login
Mar 22 10:07:29.235 dodserver: INSTALL: INFO: Installing dodserver: SteamCMD
tid(414028) burning pthread_key_t == 0 so we never use it
Redirecting stderr to '/home/dodserver/.local/share/Steam/logs/stderr.txt'
Logging directory: '/home/dodserver/.local/share/Steam/logs'
/tmp/dumps: is not owned by us - delete and recreate.
/tmp/dumps: could not delete, skipping.
minidumps folder is set to /tmp/dumps01
Looks like steam didn't shutdown cleanly, scheduling immediate update check
[  0%] Checking for available updates...
[----] Verifying installation...
UpdateUI: skip show logoSteam Console Client (c) Valve Corporation - version 1709846822
-- type 'quit' to exit --
Loading Steam API...OK

Connecting anonymously to Steam Public...OK
Waiting for client config...OK
Waiting for user info...OK
 Update state (0x3) reconfiguring, progress: 0.00 (0 / 0)
 Update state (0x11) preallocating, progress: 55.23 (670243769 / 1213543969)
 Update state (0x61) downloading, progress: 1.62 (19719733 / 1213543969)
 Update state (0x61) downloading, progress: 3.58 (43435779 / 1213543969)
 Update state (0x61) downloading, progress: 5.71 (69263474 / 1213543969)
 Update state (0x61) downloading, progress: 9.62 (116780660 / 1213543969)
 Update state (0x61) downloading, progress: 16.72 (202958574 / 1213543969)
 Update state (0x61) downloading, progress: 25.91 (314445460 / 1213543969)
 Update state (0x61) downloading, progress: 30.13 (365689433 / 1213543969)
 Update state (0x61) downloading, progress: 31.40 (381017697 / 1213543969)
 Update state (0x61) downloading, progress: 32.05 (388971916 / 1213543969)
 Update state (0x61) downloading, progress: 35.20 (427129000 / 1213543969)
 Update state (0x61) downloading, progress: 40.47 (491093840 / 1213543969)
 Update state (0x61) downloading, progress: 48.48 (588340448 / 1213543969)
 Update state (0x61) downloading, progress: 53.43 (648452510 / 1213543969)
 Update state (0x61) downloading, progress: 55.54 (674023606 / 1213543969)
 Update state (0x61) downloading, progress: 56.91 (690676038 / 1213543969)
 Update state (0x61) downloading, progress: 62.16 (754355577 / 1213543969)
 Update state (0x61) downloading, progress: 66.59 (808120201 / 1213543969)
 Update state (0x61) downloading, progress: 72.41 (878785494 / 1213543969)
 Update state (0x61) downloading, progress: 81.01 (983125395 / 1213543969)
 Update state (0x61) downloading, progress: 91.35 (1108514557 / 1213543969)
 Update state (0x61) downloading, progress: 95.16 (1154759009 / 1213543969)
 Update state (0x61) downloading, progress: 97.72 (1185907906 / 1213543969)
 Update state (0x61) downloading, progress: 98.99 (1201321364 / 1213543969)
 Update state (0x81) verifying update, progress: 81.28 (986377628 / 1213543969)
 Update state (0x101) committing, progress: 92.56 (1123270346 / 1213543969)
Success! App '90' fully installed.
Mar 22 10:08:28.119 dodserver: INSTALL: PASS: Installing dodserver: SteamCMD
Mar 22 10:08:28.381 dodserver: INSTALL: PASS: Downloading install_config.sh...
Mar 22 10:08:29.736 dodserver: INSTALL: PASS: Downloading server.cfg...
Mar 22 10:08:29.738 dodserver: INSTALL: INFO: Copying dodserver.cfg config file.
Mar 22 10:08:29.853 dodserver: INSTALL: INFO: Changing hostname.
Mar 22 10:08:29.963 dodserver: INSTALL: INFO: Changing rcon/admin password.
Mar 22 10:08:30.403 dodserver: INSTALL: PASS: Downloading fix.sh...
Mar 22 10:08:30.693 dodserver: INSTALL: PASS: Downloading install_stats.sh...
Mar 22 10:08:31.142 dodserver: INSTALL: PASS: Downloading install_complete.sh...
Mar 22 10:08:31.250 dodserver: INSTALL: PASS: Install Complete!
Mar 22 10:08:31.252 dodserver: INSTALL: INFO: Install Complete!
Mar 22 10:08:31.480 dodserver: INSTALL: PASS: Downloading core_exit.sh...
Mar 22 10:08:31.490 dodserver: INSTALL: INFO: LinuxGSM version: v24.1.5
Mar 22 10:08:31.492 dodserver: INSTALL: PASS: core_exit.sh exiting with code: 0
Mar 22 10:15:14.006 dodserver: CORE: PASS: Downloading command_start.sh...
Mar 22 10:15:14.775 dodserver: START: PASS: Downloading check_root.sh...
Mar 22 10:15:15.049 dodserver: START: PASS: Downloading check_system_dir.sh...
Mar 22 10:15:15.317 dodserver: START: PASS: Downloading check_executable.sh...
Mar 22 10:15:15.772 dodserver: START: PASS: Downloading check_logs.sh...
Mar 22 10:15:16.235 dodserver: START: PASS: Downloading check_config.sh...
Mar 22 10:15:16.343 dodserver: START: WARN: Configuration file missing!
Mar 22 10:15:16.345 dodserver: START: WARN: /home/dodserver/serverfiles/dod/dodserver.cfg
Mar 22 10:15:17.688 dodserver: START: PASS: Downloading server.cfg...
Mar 22 10:15:17.690 dodserver: START: INFO: Copying dodserver.cfg config file.
Mar 22 10:15:17.803 dodserver: START: INFO: Changing hostname.
Mar 22 10:15:17.911 dodserver: START: INFO: Changing rcon/admin password.
Mar 22 10:15:19.763 dodserver: START: INFO: Using anonymous Steam login
Mar 22 10:15:19.988 dodserver: START: PASS: Downloading check_status.sh...
Mar 22 10:15:20.530 dodserver: START: PASS: Downloading fix_steamcmd.sh...
Mar 22 10:15:21.142 dodserver: START: INFO: Applying steamclient.so sdk64 hardlink fix: Day of Defeat
Mar 22 10:15:21.250 dodserver: START: PASS: Applying steamclient.so sdk64 hardlink fix: Day of Defeat
Mar 22 10:15:21.855 dodserver: START: INFO: Applying steamclient.so sdk32 link fix: Day of Defeat
Mar 22 10:15:21.960 dodserver: START: PASS: Applying steamclient.so sdk32 link fix: Day of Defeat
Mar 22 10:15:22.308 dodserver: START: PASS: Downloading core_logs.sh...
Mar 22 10:15:22.832 dodserver: START: INFO: Rotating log files
