tid(414028) burning pthread_key_t == 0 so we never use it
Redirecting stderr to '/home/dodserver/.local/share/Steam/logs/stderr.txt'
Logging directory: '/home/dodserver/.local/share/Steam/logs'
/tmp/dumps: is not owned by us - delete and recreate.
/tmp/dumps: could not delete, skipping.
minidumps folder is set to /tmp/dumps01
Looks like steam didn't shutdown cleanly, scheduling immediate update check
[  0%] Checking for available updates...
[----] Verifying installation...
UpdateUI: skip show logoSteam Console Client (c) Valve Corporation - version 1709846822
-- type 'quit' to exit --
Loading Steam API...OK

Connecting anonymously to Steam Public...OK
Waiting for client config...OK
Waiting for user info...OK
 Update state (0x3) reconfiguring, progress: 0.00 (0 / 0)
 Update state (0x11) preallocating, progress: 55.23 (670243769 / 1213543969)
 Update state (0x61) downloading, progress: 1.62 (19719733 / 1213543969)
 Update state (0x61) downloading, progress: 3.58 (43435779 / 1213543969)
 Update state (0x61) downloading, progress: 5.71 (69263474 / 1213543969)
 Update state (0x61) downloading, progress: 9.62 (116780660 / 1213543969)
 Update state (0x61) downloading, progress: 16.72 (202958574 / 1213543969)
 Update state (0x61) downloading, progress: 25.91 (314445460 / 1213543969)
 Update state (0x61) downloading, progress: 30.13 (365689433 / 1213543969)
 Update state (0x61) downloading, progress: 31.40 (381017697 / 1213543969)
 Update state (0x61) downloading, progress: 32.05 (388971916 / 1213543969)
 Update state (0x61) downloading, progress: 35.20 (427129000 / 1213543969)
 Update state (0x61) downloading, progress: 40.47 (491093840 / 1213543969)
 Update state (0x61) downloading, progress: 48.48 (588340448 / 1213543969)
 Update state (0x61) downloading, progress: 53.43 (648452510 / 1213543969)
 Update state (0x61) downloading, progress: 55.54 (674023606 / 1213543969)
 Update state (0x61) downloading, progress: 56.91 (690676038 / 1213543969)
 Update state (0x61) downloading, progress: 62.16 (754355577 / 1213543969)
 Update state (0x61) downloading, progress: 66.59 (808120201 / 1213543969)
 Update state (0x61) downloading, progress: 72.41 (878785494 / 1213543969)
 Update state (0x61) downloading, progress: 81.01 (983125395 / 1213543969)
 Update state (0x61) downloading, progress: 91.35 (1108514557 / 1213543969)
 Update state (0x61) downloading, progress: 95.16 (1154759009 / 1213543969)
 Update state (0x61) downloading, progress: 97.72 (1185907906 / 1213543969)
 Update state (0x61) downloading, progress: 98.99 (1201321364 / 1213543969)
 Update state (0x81) verifying update, progress: 81.28 (986377628 / 1213543969)
 Update state (0x101) committing, progress: 92.56 (1123270346 / 1213543969)
Success! App '90' fully installed.
